09-May-2022 15:41:36 INFO - HV000001: Hibernate Validator 6.2.3.Final
09-May-2022 15:41:36 INFO - Starting SpringRestApplication using Java 16.0.2 on MT-5CD119LF0H with PID 7108 (D:\Spring\springREST\target\classes started by M1074035 in D:\Spring\springREST)
09-May-2022 15:41:36 INFO - No active profile set, falling back to 1 default profile: "default"
09-May-2022 15:41:36 INFO - Devtools property defaults active! Set 'spring.devtools.add-properties' to 'false' to disable
09-May-2022 15:41:36 INFO - For additional web related logging consider setting the 'logging.level.web' property to 'DEBUG'
09-May-2022 15:41:37 INFO - Bootstrapping Spring Data JPA repositories in DEFAULT mode.
09-May-2022 15:41:37 INFO - Finished Spring Data repository scanning in 60 ms. Found 2 JPA repository interfaces.
09-May-2022 15:41:38 INFO - Tomcat initialized with port(s): 8765 (http)
09-May-2022 15:41:38 INFO - Initializing ProtocolHandler ["http-nio-8765"]
09-May-2022 15:41:38 INFO - Starting service [Tomcat]
09-May-2022 15:41:38 INFO - Starting Servlet engine: [Apache Tomcat/9.0.62]
09-May-2022 15:41:38 INFO - Initializing Spring embedded WebApplicationContext
09-May-2022 15:41:38 INFO - Root WebApplicationContext: initialization completed in 2129 ms
09-May-2022 15:41:38 INFO - HikariPool-1 - Starting...
09-May-2022 15:41:39 INFO - HikariPool-1 - Start completed.
09-May-2022 15:41:39 INFO - HHH000204: Processing PersistenceUnitInfo [name: default]
09-May-2022 15:41:39 INFO - HHH000412: Hibernate ORM core version 5.6.8.Final
09-May-2022 15:41:39 INFO - HCANN000001: Hibernate Commons Annotations {5.1.2.Final}
09-May-2022 15:41:39 INFO - HHH000400: Using dialect: org.hibernate.dialect.MySQL8Dialect
09-May-2022 15:41:40 INFO - HHH000490: Using JtaPlatform implementation: [org.hibernate.engine.transaction.jta.platform.internal.NoJtaPlatform]
09-May-2022 15:41:40 INFO - Initialized JPA EntityManagerFactory for persistence unit 'default'
09-May-2022 15:41:40 WARN - spring.jpa.open-in-view is enabled by default. Therefore, database queries may be performed during view rendering. Explicitly configure spring.jpa.open-in-view to disable this warning
09-May-2022 15:41:41 INFO - LiveReload server is running on port 35729
09-May-2022 15:41:41 INFO - Starting ProtocolHandler ["http-nio-8765"]
09-May-2022 15:41:41 INFO - Tomcat started on port(s): 8765 (http) with context path ''
09-May-2022 15:41:41 INFO - Started SpringRestApplication in 5.787 seconds (JVM running for 7.855)
09-May-2022 15:42:03 INFO - Application shutdown requested.
09-May-2022 15:42:03 INFO - Closing JPA EntityManagerFactory for persistence unit 'default'
09-May-2022 15:42:03 INFO - HikariPool-1 - Shutdown initiated...
09-May-2022 15:42:03 INFO - HikariPool-1 - Shutdown completed.
09-May-2022 15:42:09 INFO - HV000001: Hibernate Validator 6.2.3.Final
09-May-2022 15:42:10 INFO - Starting SpringRestApplication using Java 16.0.2 on MT-5CD119LF0H with PID 13812 (D:\Spring\springREST\target\classes started by M1074035 in D:\Spring\springREST)
09-May-2022 15:42:10 INFO - No active profile set, falling back to 1 default profile: "default"
09-May-2022 15:42:10 INFO - Devtools property defaults active! Set 'spring.devtools.add-properties' to 'false' to disable
09-May-2022 15:42:10 INFO - For additional web related logging consider setting the 'logging.level.web' property to 'DEBUG'
09-May-2022 15:42:10 INFO - Bootstrapping Spring Data JPA repositories in DEFAULT mode.
09-May-2022 15:42:11 INFO - Finished Spring Data repository scanning in 67 ms. Found 2 JPA repository interfaces.
09-May-2022 15:42:12 INFO - Tomcat initialized with port(s): 8765 (http)
09-May-2022 15:42:12 INFO - Initializing ProtocolHandler ["http-nio-8765"]
09-May-2022 15:42:12 INFO - Starting service [Tomcat]
09-May-2022 15:42:12 INFO - Starting Servlet engine: [Apache Tomcat/9.0.62]
09-May-2022 15:42:12 INFO - Initializing Spring embedded WebApplicationContext
09-May-2022 15:42:12 INFO - Root WebApplicationContext: initialization completed in 2193 ms
09-May-2022 15:42:12 INFO - HikariPool-1 - Starting...
09-May-2022 15:42:12 INFO - HikariPool-1 - Start completed.
09-May-2022 15:42:13 INFO - HHH000204: Processing PersistenceUnitInfo [name: default]
09-May-2022 15:42:13 INFO - HHH000412: Hibernate ORM core version 5.6.8.Final
09-May-2022 15:42:13 INFO - HCANN000001: Hibernate Commons Annotations {5.1.2.Final}
09-May-2022 15:42:13 INFO - HHH000400: Using dialect: org.hibernate.dialect.MySQL8Dialect
09-May-2022 15:42:14 INFO - HHH000490: Using JtaPlatform implementation: [org.hibernate.engine.transaction.jta.platform.internal.NoJtaPlatform]
09-May-2022 15:42:14 INFO - Initialized JPA EntityManagerFactory for persistence unit 'default'
09-May-2022 15:42:14 WARN - spring.jpa.open-in-view is enabled by default. Therefore, database queries may be performed during view rendering. Explicitly configure spring.jpa.open-in-view to disable this warning
09-May-2022 15:42:15 INFO - LiveReload server is running on port 35729
09-May-2022 15:42:15 INFO - Starting ProtocolHandler ["http-nio-8765"]
09-May-2022 15:42:15 INFO - Tomcat started on port(s): 8765 (http) with context path ''
09-May-2022 15:42:15 INFO - Started SpringRestApplication in 6.075 seconds (JVM running for 7.513)
09-May-2022 15:42:22 INFO - Initializing Spring DispatcherServlet 'dispatcherServlet'
09-May-2022 15:42:22 INFO - Initializing Servlet 'dispatcherServlet'
09-May-2022 15:42:22 INFO - Completed initialization in 4 ms
09-May-2022 15:42:23 ERROR - Mentor details not found
09-May-2022 15:42:23 ERROR - Mentor details not found
09-May-2022 15:42:23 WARN - Resolved [com.mindtree.intern.exception.InternException: Service.MENTOR_NOT_FOUND]
09-May-2022 15:44:38 INFO - Closing JPA EntityManagerFactory for persistence unit 'default'
09-May-2022 15:44:38 INFO - HikariPool-1 - Shutdown initiated...
09-May-2022 15:44:38 INFO - HikariPool-1 - Shutdown completed.
[INFO ] 2022-05-09 15:44:38.948 [restartedMain] SpringRestApplication - Starting SpringRestApplication using Java 16.0.2 on MT-5CD119LF0H with PID 13812 (D:\Spring\springREST\target\classes started by M1074035 in D:\Spring\springREST)
[INFO ] 2022-05-09 15:44:38.950 [restartedMain] SpringRestApplication - No active profile set, falling back to 1 default profile: "default"
[INFO ] 2022-05-09 15:44:39.239 [restartedMain] RepositoryConfigurationDelegate - Bootstrapping Spring Data JPA repositories in DEFAULT mode.
[INFO ] 2022-05-09 15:44:39.258 [restartedMain] RepositoryConfigurationDelegate - Finished Spring Data repository scanning in 18 ms. Found 2 JPA repository interfaces.
[INFO ] 2022-05-09 15:44:42.592 [background-preinit] Version - HV000001: Hibernate Validator 6.2.3.Final
[INFO ] 2022-05-09 15:44:42.638 [restartedMain] SpringRestApplication - Starting SpringRestApplication using Java 16.0.2 on MT-5CD119LF0H with PID 19636 (D:\Spring\springREST\target\classes started by M1074035 in D:\Spring\springREST)
[INFO ] 2022-05-09 15:44:42.643 [restartedMain] SpringRestApplication - No active profile set, falling back to 1 default profile: "default"
[INFO ] 2022-05-09 15:44:42.706 [restartedMain] DevToolsPropertyDefaultsPostProcessor - Devtools property defaults active! Set 'spring.devtools.add-properties' to 'false' to disable
[INFO ] 2022-05-09 15:44:42.706 [restartedMain] DevToolsPropertyDefaultsPostProcessor - For additional web related logging consider setting the 'logging.level.web' property to 'DEBUG'
[INFO ] 2022-05-09 15:44:43.647 [restartedMain] RepositoryConfigurationDelegate - Bootstrapping Spring Data JPA repositories in DEFAULT mode.
[INFO ] 2022-05-09 15:44:43.719 [restartedMain] RepositoryConfigurationDelegate - Finished Spring Data repository scanning in 59 ms. Found 2 JPA repository interfaces.
[INFO ] 2022-05-09 15:44:44.877 [restartedMain] TomcatWebServer - Tomcat initialized with port(s): 8765 (http)
[INFO ] 2022-05-09 15:44:44.890 [restartedMain] Http11NioProtocol - Initializing ProtocolHandler ["http-nio-8765"]
[INFO ] 2022-05-09 15:44:44.891 [restartedMain] StandardService - Starting service [Tomcat]
[INFO ] 2022-05-09 15:44:44.891 [restartedMain] StandardEngine - Starting Servlet engine: [Apache Tomcat/9.0.62]
[INFO ] 2022-05-09 15:44:45.149 [restartedMain] [/] - Initializing Spring embedded WebApplicationContext
[INFO ] 2022-05-09 15:44:45.149 [restartedMain] ServletWebServerApplicationContext - Root WebApplicationContext: initialization completed in 2442 ms
[INFO ] 2022-05-09 15:44:45.451 [restartedMain] HikariDataSource - HikariPool-1 - Starting...
[INFO ] 2022-05-09 15:44:46.192 [restartedMain] HikariDataSource - HikariPool-1 - Start completed.
[INFO ] 2022-05-09 15:44:46.273 [restartedMain] LogHelper - HHH000204: Processing PersistenceUnitInfo [name: default]
[INFO ] 2022-05-09 15:44:46.388 [restartedMain] Version - HHH000412: Hibernate ORM core version 5.6.8.Final
[INFO ] 2022-05-09 15:44:46.811 [restartedMain] Version - HCANN000001: Hibernate Commons Annotations {5.1.2.Final}
[INFO ] 2022-05-09 15:44:47.069 [restartedMain] Dialect - HHH000400: Using dialect: org.hibernate.dialect.MySQL8Dialect
[INFO ] 2022-05-09 15:44:48.192 [restartedMain] JtaPlatformInitiator - HHH000490: Using JtaPlatform implementation: [org.hibernate.engine.transaction.jta.platform.internal.NoJtaPlatform]
[INFO ] 2022-05-09 15:44:48.209 [restartedMain] LocalContainerEntityManagerFactoryBean - Initialized JPA EntityManagerFactory for persistence unit 'default'
[WARN ] 2022-05-09 15:44:49.260 [restartedMain] JpaBaseConfiguration$JpaWebConfiguration - spring.jpa.open-in-view is enabled by default. Therefore, database queries may be performed during view rendering. Explicitly configure spring.jpa.open-in-view to disable this warning
[INFO ] 2022-05-09 15:44:50.235 [restartedMain] OptionalLiveReloadServer - LiveReload server is running on port 35729
[INFO ] 2022-05-09 15:44:50.271 [restartedMain] Http11NioProtocol - Starting ProtocolHandler ["http-nio-8765"]
[INFO ] 2022-05-09 15:44:50.319 [restartedMain] TomcatWebServer - Tomcat started on port(s): 8765 (http) with context path ''
[INFO ] 2022-05-09 15:44:50.338 [restartedMain] SpringRestApplication - Started SpringRestApplication in 8.204 seconds (JVM running for 9.882)
[INFO ] 2022-05-09 15:44:52.743 [http-nio-8765-exec-2] [/] - Initializing Spring DispatcherServlet 'dispatcherServlet'
[INFO ] 2022-05-09 15:44:52.744 [http-nio-8765-exec-2] DispatcherServlet - Initializing Servlet 'dispatcherServlet'
[INFO ] 2022-05-09 15:44:52.747 [http-nio-8765-exec-2] DispatcherServlet - Completed initialization in 3 ms
[ERROR] 2022-05-09 15:44:53.302 [http-nio-8765-exec-2] LoggingAspect - Mentor details not found
[ERROR] 2022-05-09 15:44:53.319 [http-nio-8765-exec-2] ExceptionControllerAdvice - Mentor details not found
[WARN ] 2022-05-09 15:44:53.373 [http-nio-8765-exec-2] ExceptionHandlerExceptionResolver - Resolved [com.mindtree.intern.exception.InternException: Service.MENTOR_NOT_FOUND]
[INFO ] 2022-05-09 15:51:03.172 [RMI TCP Connection(11)-127.0.0.1] SpringApplicationAdminMXBeanRegistrar$SpringApplicationAdmin - Application shutdown requested.
[INFO ] 2022-05-09 15:51:03.219 [RMI TCP Connection(11)-127.0.0.1] LocalContainerEntityManagerFactoryBean - Closing JPA EntityManagerFactory for persistence unit 'default'
[INFO ] 2022-05-09 15:51:03.224 [RMI TCP Connection(11)-127.0.0.1] HikariDataSource - HikariPool-1 - Shutdown initiated...
[INFO ] 2022-05-09 15:51:03.239 [RMI TCP Connection(11)-127.0.0.1] HikariDataSource - HikariPool-1 - Shutdown completed.
[INFO ] 2022-05-11 14:36:29.865 [main] SpringBootTestContextBootstrapper - Neither @ContextConfiguration nor @ContextHierarchy found for test class [com.mindtree.SpringRestApplicationTests], using SpringBootContextLoader
[INFO ] 2022-05-11 14:36:29.880 [main] AbstractContextLoader - Could not detect default resource locations for test class [com.mindtree.SpringRestApplicationTests]: no resource found for suffixes {-context.xml, Context.groovy}.
[INFO ] 2022-05-11 14:36:29.881 [main] AnnotationConfigContextLoaderUtils - Could not detect default configuration classes for test class [com.mindtree.SpringRestApplicationTests]: SpringRestApplicationTests does not declare any static, non-private, non-final, nested classes annotated with @Configuration.
[INFO ] 2022-05-11 14:36:30.086 [main] SpringBootTestContextBootstrapper - Found @SpringBootConfiguration com.mindtree.SpringRestApplication for test class com.mindtree.SpringRestApplicationTests
[INFO ] 2022-05-11 14:36:30.268 [main] SpringBootTestContextBootstrapper - Loaded default TestExecutionListener class names from location [META-INF/spring.factories]: [org.springframework.boot.test.mock.mockito.MockitoTestExecutionListener, org.springframework.boot.test.mock.mockito.ResetMocksTestExecutionListener, org.springframework.boot.test.autoconfigure.restdocs.RestDocsTestExecutionListener, org.springframework.boot.test.autoconfigure.web.client.MockRestServiceServerResetTestExecutionListener, org.springframework.boot.test.autoconfigure.web.servlet.MockMvcPrintOnlyOnFailureTestExecutionListener, org.springframework.boot.test.autoconfigure.web.servlet.WebDriverTestExecutionListener, org.springframework.boot.test.autoconfigure.webservices.client.MockWebServiceServerTestExecutionListener, org.springframework.test.context.web.ServletTestExecutionListener, org.springframework.test.context.support.DirtiesContextBeforeModesTestExecutionListener, org.springframework.test.context.event.ApplicationEventsTestExecutionListener, org.springframework.test.context.support.DependencyInjectionTestExecutionListener, org.springframework.test.context.support.DirtiesContextTestExecutionListener, org.springframework.test.context.transaction.TransactionalTestExecutionListener, org.springframework.test.context.jdbc.SqlScriptsTestExecutionListener, org.springframework.test.context.event.EventPublishingTestExecutionListener]
[INFO ] 2022-05-11 14:36:30.296 [main] SpringBootTestContextBootstrapper - Using TestExecutionListeners: [org.springframework.test.context.web.ServletTestExecutionListener@77e2a6e2, org.springframework.test.context.support.DirtiesContextBeforeModesTestExecutionListener@5710768a, org.springframework.test.context.event.ApplicationEventsTestExecutionListener@199e4c2b, org.springframework.boot.test.mock.mockito.MockitoTestExecutionListener@6e0d4a8, org.springframework.boot.test.autoconfigure.SpringBootDependencyInjectionTestExecutionListener@64d7b720, org.springframework.test.context.support.DirtiesContextTestExecutionListener@30272916, org.springframework.test.context.transaction.TransactionalTestExecutionListener@5bb3d42d, org.springframework.test.context.jdbc.SqlScriptsTestExecutionListener@5bf61e67, org.springframework.test.context.event.EventPublishingTestExecutionListener@2c1dc8e, org.springframework.boot.test.mock.mockito.ResetMocksTestExecutionListener@b273a59, org.springframework.boot.test.autoconfigure.restdocs.RestDocsTestExecutionListener@4e7095ac, org.springframework.boot.test.autoconfigure.web.client.MockRestServiceServerResetTestExecutionListener@251ebf23, org.springframework.boot.test.autoconfigure.web.servlet.MockMvcPrintOnlyOnFailureTestExecutionListener@29b732a2, org.springframework.boot.test.autoconfigure.web.servlet.WebDriverTestExecutionListener@1b70203f, org.springframework.boot.test.autoconfigure.webservices.client.MockWebServiceServerTestExecutionListener@51671b08]
[INFO ] 2022-05-11 14:36:30.765 [background-preinit] Version - HV000001: Hibernate Validator 6.2.3.Final
[INFO ] 2022-05-11 14:36:30.803 [main] SpringRestApplicationTests - Starting SpringRestApplicationTests using Java 16.0.2 on MT-5CD119LF0H with PID 10860 (started by M1074035 in D:\Spring\springREST)
[INFO ] 2022-05-11 14:36:30.807 [main] SpringRestApplicationTests - No active profile set, falling back to 1 default profile: "default"
[INFO ] 2022-05-11 14:36:32.007 [main] RepositoryConfigurationDelegate - Bootstrapping Spring Data JPA repositories in DEFAULT mode.
[INFO ] 2022-05-11 14:36:32.098 [main] RepositoryConfigurationDelegate - Finished Spring Data repository scanning in 75 ms. Found 2 JPA repository interfaces.
[INFO ] 2022-05-11 14:36:34.337 [main] HikariDataSource - HikariPool-1 - Starting...
[INFO ] 2022-05-11 14:36:35.115 [main] HikariDataSource - HikariPool-1 - Start completed.
[INFO ] 2022-05-11 14:36:35.252 [main] LogHelper - HHH000204: Processing PersistenceUnitInfo [name: default]
[INFO ] 2022-05-11 14:36:35.370 [main] Version - HHH000412: Hibernate ORM core version 5.6.8.Final
[INFO ] 2022-05-11 14:36:35.732 [main] Version - HCANN000001: Hibernate Commons Annotations {5.1.2.Final}
[INFO ] 2022-05-11 14:36:35.929 [main] Dialect - HHH000400: Using dialect: org.hibernate.dialect.MySQL8Dialect
[INFO ] 2022-05-11 14:36:36.953 [main] JtaPlatformInitiator - HHH000490: Using JtaPlatform implementation: [org.hibernate.engine.transaction.jta.platform.internal.NoJtaPlatform]
[INFO ] 2022-05-11 14:36:36.967 [main] LocalContainerEntityManagerFactoryBean - Initialized JPA EntityManagerFactory for persistence unit 'default'
[WARN ] 2022-05-11 14:36:38.408 [main] JpaBaseConfiguration$JpaWebConfiguration - spring.jpa.open-in-view is enabled by default. Therefore, database queries may be performed during view rendering. Explicitly configure spring.jpa.open-in-view to disable this warning
[INFO ] 2022-05-11 14:36:39.700 [main] SpringRestApplicationTests - Started SpringRestApplicationTests in 9.32 seconds (JVM running for 12.004)
[INFO ] 2022-05-11 14:36:40.296 [SpringApplicationShutdownHook] LocalContainerEntityManagerFactoryBean - Closing JPA EntityManagerFactory for persistence unit 'default'
[INFO ] 2022-05-11 14:36:40.298 [SpringApplicationShutdownHook] HikariDataSource - HikariPool-1 - Shutdown initiated...
[INFO ] 2022-05-11 14:36:40.316 [SpringApplicationShutdownHook] HikariDataSource - HikariPool-1 - Shutdown completed.
[INFO ] 2022-05-11 14:45:00.159 [main] SpringBootTestContextBootstrapper - Neither @ContextConfiguration nor @ContextHierarchy found for test class [com.mindtree.SpringRestApplicationTests], using SpringBootContextLoader
[INFO ] 2022-05-11 14:45:00.179 [main] AbstractContextLoader - Could not detect default resource locations for test class [com.mindtree.SpringRestApplicationTests]: no resource found for suffixes {-context.xml, Context.groovy}.
[INFO ] 2022-05-11 14:45:00.180 [main] AnnotationConfigContextLoaderUtils - Could not detect default configuration classes for test class [com.mindtree.SpringRestApplicationTests]: SpringRestApplicationTests does not declare any static, non-private, non-final, nested classes annotated with @Configuration.
[INFO ] 2022-05-11 14:45:00.405 [main] SpringBootTestContextBootstrapper - Found @SpringBootConfiguration com.mindtree.SpringRestApplication for test class com.mindtree.SpringRestApplicationTests
[INFO ] 2022-05-11 14:45:00.554 [main] SpringBootTestContextBootstrapper - Loaded default TestExecutionListener class names from location [META-INF/spring.factories]: [org.springframework.boot.test.mock.mockito.MockitoTestExecutionListener, org.springframework.boot.test.mock.mockito.ResetMocksTestExecutionListener, org.springframework.boot.test.autoconfigure.restdocs.RestDocsTestExecutionListener, org.springframework.boot.test.autoconfigure.web.client.MockRestServiceServerResetTestExecutionListener, org.springframework.boot.test.autoconfigure.web.servlet.MockMvcPrintOnlyOnFailureTestExecutionListener, org.springframework.boot.test.autoconfigure.web.servlet.WebDriverTestExecutionListener, org.springframework.boot.test.autoconfigure.webservices.client.MockWebServiceServerTestExecutionListener, org.springframework.test.context.web.ServletTestExecutionListener, org.springframework.test.context.support.DirtiesContextBeforeModesTestExecutionListener, org.springframework.test.context.event.ApplicationEventsTestExecutionListener, org.springframework.test.context.support.DependencyInjectionTestExecutionListener, org.springframework.test.context.support.DirtiesContextTestExecutionListener, org.springframework.test.context.transaction.TransactionalTestExecutionListener, org.springframework.test.context.jdbc.SqlScriptsTestExecutionListener, org.springframework.test.context.event.EventPublishingTestExecutionListener]
[INFO ] 2022-05-11 14:45:00.576 [main] SpringBootTestContextBootstrapper - Using TestExecutionListeners: [org.springframework.test.context.web.ServletTestExecutionListener@3c818ac4, org.springframework.test.context.support.DirtiesContextBeforeModesTestExecutionListener@5b69d40d, org.springframework.test.context.event.ApplicationEventsTestExecutionListener@71154f21, org.springframework.boot.test.mock.mockito.MockitoTestExecutionListener@15f193b8, org.springframework.boot.test.autoconfigure.SpringBootDependencyInjectionTestExecutionListener@2516fc68, org.springframework.test.context.support.DirtiesContextTestExecutionListener@304a9d7b, org.springframework.test.context.transaction.TransactionalTestExecutionListener@6bfdb014, org.springframework.test.context.jdbc.SqlScriptsTestExecutionListener@72889280, org.springframework.test.context.event.EventPublishingTestExecutionListener@606fc505, org.springframework.boot.test.mock.mockito.ResetMocksTestExecutionListener@4aa3d36, org.springframework.boot.test.autoconfigure.restdocs.RestDocsTestExecutionListener@2d140a7, org.springframework.boot.test.autoconfigure.web.client.MockRestServiceServerResetTestExecutionListener@347bdeef, org.springframework.boot.test.autoconfigure.web.servlet.MockMvcPrintOnlyOnFailureTestExecutionListener@2aa27288, org.springframework.boot.test.autoconfigure.web.servlet.WebDriverTestExecutionListener@7f34a967, org.springframework.boot.test.autoconfigure.webservices.client.MockWebServiceServerTestExecutionListener@77e80a5e]
[INFO ] 2022-05-11 14:45:01.100 [background-preinit] Version - HV000001: Hibernate Validator 6.2.3.Final
[INFO ] 2022-05-11 14:45:01.139 [main] SpringRestApplicationTests - Starting SpringRestApplicationTests using Java 16.0.2 on MT-5CD119LF0H with PID 16288 (started by M1074035 in D:\Spring\springREST)
[INFO ] 2022-05-11 14:45:01.144 [main] SpringRestApplicationTests - No active profile set, falling back to 1 default profile: "default"
[INFO ] 2022-05-11 14:45:04.469 [main] RepositoryConfigurationDelegate - Bootstrapping Spring Data JPA repositories in DEFAULT mode.
[INFO ] 2022-05-11 14:45:04.568 [main] RepositoryConfigurationDelegate - Finished Spring Data repository scanning in 81 ms. Found 2 JPA repository interfaces.
[INFO ] 2022-05-11 14:45:05.859 [main] HikariDataSource - HikariPool-1 - Starting...
[INFO ] 2022-05-11 14:45:06.766 [main] HikariDataSource - HikariPool-1 - Start completed.
[INFO ] 2022-05-11 14:45:06.909 [main] LogHelper - HHH000204: Processing PersistenceUnitInfo [name: default]
[INFO ] 2022-05-11 14:45:07.061 [main] Version - HHH000412: Hibernate ORM core version 5.6.8.Final
[INFO ] 2022-05-11 14:45:07.641 [main] Version - HCANN000001: Hibernate Commons Annotations {5.1.2.Final}
[INFO ] 2022-05-11 14:45:08.082 [main] Dialect - HHH000400: Using dialect: org.hibernate.dialect.MySQL8Dialect
[INFO ] 2022-05-11 14:45:09.701 [main] JtaPlatformInitiator - HHH000490: Using JtaPlatform implementation: [org.hibernate.engine.transaction.jta.platform.internal.NoJtaPlatform]
[INFO ] 2022-05-11 14:45:09.725 [main] LocalContainerEntityManagerFactoryBean - Initialized JPA EntityManagerFactory for persistence unit 'default'
[WARN ] 2022-05-11 14:45:12.157 [main] JpaBaseConfiguration$JpaWebConfiguration - spring.jpa.open-in-view is enabled by default. Therefore, database queries may be performed during view rendering. Explicitly configure spring.jpa.open-in-view to disable this warning
[INFO ] 2022-05-11 14:45:14.485 [main] SpringRestApplicationTests - Started SpringRestApplicationTests in 13.815 seconds (JVM running for 17.423)
[INFO ] 2022-05-11 14:45:15.093 [SpringApplicationShutdownHook] LocalContainerEntityManagerFactoryBean - Closing JPA EntityManagerFactory for persistence unit 'default'
[INFO ] 2022-05-11 14:45:15.096 [SpringApplicationShutdownHook] HikariDataSource - HikariPool-1 - Shutdown initiated...
[INFO ] 2022-05-11 14:45:15.120 [SpringApplicationShutdownHook] HikariDataSource - HikariPool-1 - Shutdown completed.
